https://godville.net/blog
https://godville.net/blog/logout
https://godville.net/forums
https://godville.net/forums/redirect_to_post/3584?post=1196126
https://godville.net/forums/redirect_to_post/3584?post=1198559
https://godville.net/forums/redirect_to_post/3584?post=1357297
https://godville.net/forums/redirect_to_post/3584?post=1513202
https://godville.net/forums/redirect_to_post/3584?post=1514540
https://godville.net/forums/show/1
https://godville.net/forums/show/1/#guip_subscriptions
https://godville.net/forums/show_topic/3584?page=1
https://godville.net/forums/show_topic/3584?page=2
https://godville.net/forums/show_topic/3584?page=25
https://godville.net/forums/show_topic/3584?page=26
https://godville.net/forums/show_topic/3584?page=27
https://godville.net/forums/show_topic/3584?page=28
https://godville.net/forums/show_topic/3584?page=29
https://godville.net/forums/show_topic/3584?page=30
https://godville.net/forums/show_topic/3584?page=31
https://godville.net/forums/show_topic/3584?page=32
https://godville.net/forums/show_topic/3584?page=33
https://godville.net/forums/show_topic/3584?page=34
https://godville.net/forums/show_topic/3584?page=35
https://godville.net/forums/show_topic/3584?page=36
https://godville.net/forums/show_topic/3584?page=37
https://godville.net/forums/show_topic/3584?page=38
https://godville.net/forums/show_topic/3584?page=39
https://godville.net/forums/show_topic/3584?page=40
https://godville.net/forums/show_topic/3584?page=41
https://godville.net/forums/show_topic/3584?page=42
https://godville.net/forums/show_topic/3584?page=43
https://godville.net/forums/show_topic/3584?page=44
https://godville.net/forums/show_topic/3584?page=44#
https://godville.net/forums/show_topic/3584?page=45
https://godville.net/forums/show_topic/3584?page=45#
https://godville.net/forums/topic_notify?topic_id=3584
https://godville.net/forums/topic_notify_stop?topic_id=3584
https://godville.net/forums/topic_push_start?topic_id=3584
https://godville.net/gods/%D0%90%D0%BB%D0%BA%D0%B0%D0%BB%D0%B8%D0%BD
https://godville.net/gods/%D0%90%D1%80%D1%8D%D0%BC%D0%B8%D0%B4%D0%B0
https://godville.net/gods/%D0%90%D1%82%D1%8C%D1%8F%D0%BD%D1%82%D0%B0%D0%BC
https://godville.net/gods/%D0%91%D0%BE%D1%85%20%D0%9D%D0%B5%20%D0%9E%D1%87%D0%B8%D0%BD%D1%8C%20%D0%92%D0%B5%D0%BB%D0%B8%D0%BA%D0%B8%D0%B9
https://godville.net/gods/%D0%92%D0%B8%D0%BA%D1%82%D0%BE%D1%80%20%D0%93%D1%83%D0%BC%D0%B0%D0%BD%D0%B8%D1%81%D1%82
https://godville.net/gods/%D0%93%D0%B5%D0%BB%D0%B5%D0%BD%D0%B0453
https://godville.net/gods/%D0%93%D0%B8%D0%B3%D0%B0%D0%BD%D1%82%D1%81%D0%BA%D0%B0%D1%8F%20%D0%A4%D0%BB%D1%8E%D0%BA%D1%82%D1%83%D0%B0%D1%86%D0%B8%D1%8F
https://godville.net/gods/%D0%9A%D0%B2%D0%B0%D0%BD%D1%82%D0%BE%D0%B2%D1%8B%D0%B9%20%D0%9A%D0%BE%D1%82%D0%B5%D0%B9%D0%BA%D0%B0
https://godville.net/gods/%D0%9A%D0%BE%D1%88%D0%BC%D0%B0%D1%80%D0%BD%D0%B0%D1%8F%20%D0%A0%D0%B0%D1%81%D0%BA%D1%80%D0%B0%D1%81%D0%BA%D0%B0
https://godville.net/gods/%D0%9A%D1%80%D0%B0%D1%81%D0%B0%D0%B2%D0%B8%D1%86%D0%B0
https://godville.net/gods/%D0%9B%D0%B8%D1%82%D1%8C
https://godville.net/gods/%D0%9C%D0%BE%D0%BB%D0%BE%D0%B4%D0%B0%D1%8F%20%D0%9A%D1%80%D0%BE%D0%B2%D1%8C
https://godville.net/gods/%D0%9F%D1%80%D0%BE%D1%81%D1%82%D0%BE%20%D0%91%D0%BE%D0%B3%D0%B8%D0%BD%D1%8F
https://godville.net/gods/%D0%A4%D1%80%D0%B0%D0%BD%D1%81%D0%B8%D1%81%D0%BA%D0%BE
https://godville.net/gods/%D0%A8%D0%B8%D0%B0%D1%80%D0%B0
https://godville.net/gods/Ashara
https://godville.net/gods/FirstEmblem
https://godville.net/gods/Maxriter
https://godville.net/gods/Mikiko
https://godville.net/gods/Olegik1719
https://godville.net/gods/Soul%20Hanter
https://godville.net/help
https://godville.net/hero
https://godville.net/ideabox
https://godville.net/login/rules
https://godville.net/news
https://godville.net/pantheon
https://godville.net/superhero
https://godville.net/user/profile
https://wiki.godville.net/
https://wiki.godville.net/%D0%9A%D0%BD%D0%B8%D0%B3%D0%B0_%D1%80%D0%B5%D0%BA%D0%BE%D1%80%D0%B4%D0%BE%D0%B2_%D0%93%D0%BE%D0%B4%D0%B2%D0%B8%D0%BB%D0%BB%D1%8F#.D0.90.D1.80.D0.B5.D0.BD.D0.B0
